<?xml version="1.0" encoding="UTF-8"?>
<testsuite name="edu.wpi.teamname.DefaultTest" tests="1" skipped="0" failures="0" errors="0" timestamp="2023-04-05T05:58:46" hostname="autoreg-5246138.dyn.wpi.edu" time="0.589">
  <properties/>
  <testcase name="test()" classname="edu.wpi.teamname.DefaultTest" time="0.589"/>
  <system-out><![CDATA[Opened database successfully
113.0
]]></system-out>
  <system-err><![CDATA[]]></system-err>
</testsuite>
