<?xml version="1.0" encoding="UTF-8"?>
<testsuite name="edu.wpi.teamname.DefaultTest" tests="1" skipped="0" failures="0" errors="0" timestamp="2023-04-05T04:07:40" hostname="autoreg-5246138.dyn.wpi.edu" time="6.407">
  <properties/>
  <testcase name="test()" classname="edu.wpi.teamname.DefaultTest" time="6.407"/>
  <system-out><![CDATA[Opened database successfully
Created the schema
Created the node table
Created the edge table
Created the location table
Loading the nodes from the server
Loading the edges from the server
Loading the locations from the server
Loading the moves from the server
]]></system-out>
  <system-err><![CDATA[]]></system-err>
</testsuite>
