<?xml version="1.0" encoding="UTF-8"?>
<testsuite name="edu.wpi.teamname.DefaultTest" tests="2" skipped="0" failures="0" errors="0" timestamp="2023-04-06T00:38:39" hostname="NIKSDELL" time="0.016">
  <properties/>
  <testcase name="testLogin()" classname="edu.wpi.teamname.DefaultTest" time="0.013"/>
  <testcase name="testAlgorithm()" classname="edu.wpi.teamname.DefaultTest" time="0.003"/>
  <system-out><![CDATA[Opened database successfully
Created the schema
Created the node table
Created the edge table
Created the location table
Loading the nodes to the server
Loading the edges to the server
Loaded to the remote
Loading the locations from the server
Loading the moves from the server
]]></system-out>
  <system-err><![CDATA[]]></system-err>
</testsuite>
